<?xml version="1.0" encoding="UTF-8"?>
<testng-results ignored="0" total="1" passed="1" failed="0" skipped="0">
  <reporter-output>
  </reporter-output>
  <suite started-at="2023-02-24T13:11:10 IST" name="Default suite" finished-at="2023-02-24T13:11:26 IST" duration-ms="16260">
    <groups>
    </groups>
    <test started-at="2023-02-24T13:11:10 IST" name="Default test" finished-at="2023-02-24T13:11:26 IST" duration-ms="16260">
      <class name="BaytTest.AutomationTest.MobileAppPart3">
        <test-method is-config="true" signature="beforeMethod()[pri:0, instance:BaytTest.AutomationTest.MobileAppPart3@67f639d3]" started-at="2023-02-24T13:11:10 IST" name="beforeMethod" finished-at="2023-02-24T13:11:18 IST" duration-ms="8166" status="PASS">
          <reporter-output>
          </reporter-output>
        </test-method> <!-- beforeMethod -->
        <test-method signature="deleteAccount()[pri:0, instance:BaytTest.AutomationTest.MobileAppPart3@67f639d3]" started-at="2023-02-24T13:11:18 IST" name="deleteAccount" finished-at="2023-02-24T13:11:25 IST" duration-ms="6971" status="PASS">
          <reporter-output>
          </reporter-output>
        </test-method> <!-- deleteAccount -->
        <test-method is-config="true" signature="afterMethod()[pri:0, instance:BaytTest.AutomationTest.MobileAppPart3@67f639d3]" started-at="2023-02-24T13:11:25 IST" name="afterMethod" finished-at="2023-02-24T13:11:26 IST" duration-ms="1062" status="PASS">
          <reporter-output>
          </reporter-output>
        </test-method> <!-- afterMethod -->
      </class> <!-- BaytTest.AutomationTest.MobileAppPart3 -->
    </test> <!-- Default test -->
  </suite> <!-- Default suite -->
</testng-results>
